[2026-03-15T12:38:48.576+0000] {processor.py:186} INFO - Started process (PID=188) to work on /opt/airflow/dags/pipeline.py
[2026-03-15T12:38:48.576+0000] {processor.py:914} INFO - Processing file /opt/airflow/dags/pipeline.py for tasks to queue
[2026-03-15T12:38:48.579+0000] {logging_mixin.py:190} INFO - [2026-03-15T12:38:48.578+0000] {dagbag.py:588} INFO - Filling up the DagBag from /opt/airflow/dags/pipeline.py
[2026-03-15T12:38:50.492+0000] {processor.py:925} INFO - DAG(s) 'weather_etl' retrieved from /opt/airflow/dags/pipeline.py
[2026-03-15T12:38:50.531+0000] {logging_mixin.py:190} INFO - [2026-03-15T12:38:50.530+0000] {dag.py:3239} INFO - Sync 1 DAGs
[2026-03-15T12:38:50.556+0000] {logging_mixin.py:190} INFO - [2026-03-15T12:38:50.555+0000] {dag.py:4180} INFO - Setting next_dagrun for weather_etl to 2026-03-14 00:00:00+00:00, run_after=2026-03-15 00:00:00+00:00
[2026-03-15T12:38:50.574+0000] {processor.py:208} INFO - Processing /opt/airflow/dags/pipeline.py took 2.006 seconds
[2026-03-15T12:39:20.729+0000] {processor.py:186} INFO - Started process (PID=211) to work on /opt/airflow/dags/pipeline.py
[2026-03-15T12:39:20.730+0000] {processor.py:914} INFO - Processing file /opt/airflow/dags/pipeline.py for tasks to queue
[2026-03-15T12:39:20.731+0000] {logging_mixin.py:190} INFO - [2026-03-15T12:39:20.731+0000] {dagbag.py:588} INFO - Filling up the DagBag from /opt/airflow/dags/pipeline.py
[2026-03-15T12:39:21.106+0000] {processor.py:925} INFO - DAG(s) 'weather_etl' retrieved from /opt/airflow/dags/pipeline.py
[2026-03-15T12:39:21.123+0000] {logging_mixin.py:190} INFO - [2026-03-15T12:39:21.123+0000] {dag.py:3239} INFO - Sync 1 DAGs
[2026-03-15T12:39:21.140+0000] {logging_mixin.py:190} INFO - [2026-03-15T12:39:21.140+0000] {dag.py:4180} INFO - Setting next_dagrun for weather_etl to 2026-03-14 00:00:00+00:00, run_after=2026-03-15 00:00:00+00:00
[2026-03-15T12:39:21.158+0000] {processor.py:208} INFO - Processing /opt/airflow/dags/pipeline.py took 0.435 seconds
[2026-03-15T12:39:51.298+0000] {processor.py:186} INFO - Started process (PID=235) to work on /opt/airflow/dags/pipeline.py
[2026-03-15T12:39:51.303+0000] {processor.py:914} INFO - Processing file /opt/airflow/dags/pipeline.py for tasks to queue
[2026-03-15T12:39:51.305+0000] {logging_mixin.py:190} INFO - [2026-03-15T12:39:51.304+0000] {dagbag.py:588} INFO - Filling up the DagBag from /opt/airflow/dags/pipeline.py
[2026-03-15T12:39:51.667+0000] {processor.py:925} INFO - DAG(s) 'weather_etl' retrieved from /opt/airflow/dags/pipeline.py
[2026-03-15T12:39:51.684+0000] {logging_mixin.py:190} INFO - [2026-03-15T12:39:51.684+0000] {dag.py:3239} INFO - Sync 1 DAGs
[2026-03-15T12:39:51.701+0000] {logging_mixin.py:190} INFO - [2026-03-15T12:39:51.701+0000] {dag.py:4180} INFO - Setting next_dagrun for weather_etl to 2026-03-14 00:00:00+00:00, run_after=2026-03-15 00:00:00+00:00
[2026-03-15T12:39:51.718+0000] {processor.py:208} INFO - Processing /opt/airflow/dags/pipeline.py took 0.425 seconds
[2026-03-15T12:40:21.876+0000] {processor.py:186} INFO - Started process (PID=264) to work on /opt/airflow/dags/pipeline.py
[2026-03-15T12:40:21.877+0000] {processor.py:914} INFO - Processing file /opt/airflow/dags/pipeline.py for tasks to queue
[2026-03-15T12:40:21.878+0000] {logging_mixin.py:190} INFO - [2026-03-15T12:40:21.878+0000] {dagbag.py:588} INFO - Filling up the DagBag from /opt/airflow/dags/pipeline.py
[2026-03-15T12:40:22.312+0000] {processor.py:925} INFO - DAG(s) 'weather_etl' retrieved from /opt/airflow/dags/pipeline.py
[2026-03-15T12:40:22.336+0000] {logging_mixin.py:190} INFO - [2026-03-15T12:40:22.336+0000] {dag.py:3239} INFO - Sync 1 DAGs
[2026-03-15T12:40:22.357+0000] {logging_mixin.py:190} INFO - [2026-03-15T12:40:22.356+0000] {dag.py:4180} INFO - Setting next_dagrun for weather_etl to 2026-03-15 00:00:00+00:00, run_after=2026-03-16 00:00:00+00:00
[2026-03-15T12:40:22.378+0000] {processor.py:208} INFO - Processing /opt/airflow/dags/pipeline.py took 0.506 seconds
[2026-03-15T12:40:52.548+0000] {processor.py:186} INFO - Started process (PID=287) to work on /opt/airflow/dags/pipeline.py
[2026-03-15T12:40:52.548+0000] {processor.py:914} INFO - Processing file /opt/airflow/dags/pipeline.py for tasks to queue
[2026-03-15T12:40:52.550+0000] {logging_mixin.py:190} INFO - [2026-03-15T12:40:52.550+0000] {dagbag.py:588} INFO - Filling up the DagBag from /opt/airflow/dags/pipeline.py
[2026-03-15T12:40:52.939+0000] {processor.py:925} INFO - DAG(s) 'weather_etl' retrieved from /opt/airflow/dags/pipeline.py
[2026-03-15T12:40:52.954+0000] {logging_mixin.py:190} INFO - [2026-03-15T12:40:52.954+0000] {dag.py:3239} INFO - Sync 1 DAGs
[2026-03-15T12:40:52.976+0000] {logging_mixin.py:190} INFO - [2026-03-15T12:40:52.976+0000] {dag.py:4180} INFO - Setting next_dagrun for weather_etl to 2026-03-15 00:00:00+00:00, run_after=2026-03-16 00:00:00+00:00
[2026-03-15T12:40:52.998+0000] {processor.py:208} INFO - Processing /opt/airflow/dags/pipeline.py took 0.454 seconds
[2026-03-15T12:41:23.172+0000] {processor.py:186} INFO - Started process (PID=311) to work on /opt/airflow/dags/pipeline.py
[2026-03-15T12:41:23.174+0000] {processor.py:914} INFO - Processing file /opt/airflow/dags/pipeline.py for tasks to queue
[2026-03-15T12:41:23.177+0000] {logging_mixin.py:190} INFO - [2026-03-15T12:41:23.176+0000] {dagbag.py:588} INFO - Filling up the DagBag from /opt/airflow/dags/pipeline.py
[2026-03-15T12:41:23.670+0000] {processor.py:925} INFO - DAG(s) 'weather_etl' retrieved from /opt/airflow/dags/pipeline.py
[2026-03-15T12:41:23.694+0000] {logging_mixin.py:190} INFO - [2026-03-15T12:41:23.693+0000] {dag.py:3239} INFO - Sync 1 DAGs
[2026-03-15T12:41:23.730+0000] {logging_mixin.py:190} INFO - [2026-03-15T12:41:23.729+0000] {dag.py:4180} INFO - Setting next_dagrun for weather_etl to 2026-03-15 00:00:00+00:00, run_after=2026-03-16 00:00:00+00:00
[2026-03-15T12:41:23.768+0000] {processor.py:208} INFO - Processing /opt/airflow/dags/pipeline.py took 0.604 seconds
[2026-03-15T12:41:39.873+0000] {processor.py:186} INFO - Started process (PID=329) to work on /opt/airflow/dags/pipeline.py
[2026-03-15T12:41:39.874+0000] {processor.py:914} INFO - Processing file /opt/airflow/dags/pipeline.py for tasks to queue
[2026-03-15T12:41:39.875+0000] {logging_mixin.py:190} INFO - [2026-03-15T12:41:39.875+0000] {dagbag.py:588} INFO - Filling up the DagBag from /opt/airflow/dags/pipeline.py
[2026-03-15T12:41:40.248+0000] {processor.py:925} INFO - DAG(s) 'weather_etl' retrieved from /opt/airflow/dags/pipeline.py
[2026-03-15T12:41:40.283+0000] {logging_mixin.py:190} INFO - [2026-03-15T12:41:40.282+0000] {dag.py:3239} INFO - Sync 1 DAGs
[2026-03-15T12:41:40.323+0000] {logging_mixin.py:190} INFO - [2026-03-15T12:41:40.322+0000] {dag.py:4180} INFO - Setting next_dagrun for weather_etl to 2026-03-15 00:00:00+00:00, run_after=2026-03-16 00:00:00+00:00
[2026-03-15T12:41:40.368+0000] {processor.py:208} INFO - Processing /opt/airflow/dags/pipeline.py took 0.499 seconds
[2026-03-15T12:41:54.310+0000] {processor.py:186} INFO - Started process (PID=341) to work on /opt/airflow/dags/pipeline.py
[2026-03-15T12:41:54.314+0000] {processor.py:914} INFO - Processing file /opt/airflow/dags/pipeline.py for tasks to queue
[2026-03-15T12:41:54.316+0000] {logging_mixin.py:190} INFO - [2026-03-15T12:41:54.316+0000] {dagbag.py:588} INFO - Filling up the DagBag from /opt/airflow/dags/pipeline.py
[2026-03-15T12:41:54.672+0000] {processor.py:925} INFO - DAG(s) 'weather_etl' retrieved from /opt/airflow/dags/pipeline.py
[2026-03-15T12:41:54.688+0000] {logging_mixin.py:190} INFO - [2026-03-15T12:41:54.688+0000] {dag.py:3239} INFO - Sync 1 DAGs
[2026-03-15T12:41:54.708+0000] {logging_mixin.py:190} INFO - [2026-03-15T12:41:54.708+0000] {dag.py:4180} INFO - Setting next_dagrun for weather_etl to 2026-03-15 00:00:00+00:00, run_after=2026-03-16 00:00:00+00:00
[2026-03-15T12:41:54.729+0000] {processor.py:208} INFO - Processing /opt/airflow/dags/pipeline.py took 0.424 seconds
[2026-03-15T12:42:24.884+0000] {processor.py:186} INFO - Started process (PID=365) to work on /opt/airflow/dags/pipeline.py
[2026-03-15T12:42:24.889+0000] {processor.py:914} INFO - Processing file /opt/airflow/dags/pipeline.py for tasks to queue
[2026-03-15T12:42:24.891+0000] {logging_mixin.py:190} INFO - [2026-03-15T12:42:24.890+0000] {dagbag.py:588} INFO - Filling up the DagBag from /opt/airflow/dags/pipeline.py
[2026-03-15T12:42:25.261+0000] {processor.py:925} INFO - DAG(s) 'weather_etl' retrieved from /opt/airflow/dags/pipeline.py
[2026-03-15T12:42:25.276+0000] {logging_mixin.py:190} INFO - [2026-03-15T12:42:25.275+0000] {dag.py:3239} INFO - Sync 1 DAGs
[2026-03-15T12:42:25.292+0000] {logging_mixin.py:190} INFO - [2026-03-15T12:42:25.292+0000] {dag.py:4180} INFO - Setting next_dagrun for weather_etl to 2026-03-15 00:00:00+00:00, run_after=2026-03-16 00:00:00+00:00
[2026-03-15T12:42:25.310+0000] {processor.py:208} INFO - Processing /opt/airflow/dags/pipeline.py took 0.430 seconds
[2026-03-15T12:42:55.459+0000] {processor.py:186} INFO - Started process (PID=395) to work on /opt/airflow/dags/pipeline.py
[2026-03-15T12:42:55.460+0000] {processor.py:914} INFO - Processing file /opt/airflow/dags/pipeline.py for tasks to queue
[2026-03-15T12:42:55.461+0000] {logging_mixin.py:190} INFO - [2026-03-15T12:42:55.461+0000] {dagbag.py:588} INFO - Filling up the DagBag from /opt/airflow/dags/pipeline.py
[2026-03-15T12:42:55.822+0000] {processor.py:925} INFO - DAG(s) 'weather_etl' retrieved from /opt/airflow/dags/pipeline.py
[2026-03-15T12:42:55.837+0000] {logging_mixin.py:190} INFO - [2026-03-15T12:42:55.836+0000] {dag.py:3239} INFO - Sync 1 DAGs
[2026-03-15T12:42:55.853+0000] {logging_mixin.py:190} INFO - [2026-03-15T12:42:55.853+0000] {dag.py:4180} INFO - Setting next_dagrun for weather_etl to 2026-03-15 00:00:00+00:00, run_after=2026-03-16 00:00:00+00:00
[2026-03-15T12:42:55.876+0000] {processor.py:208} INFO - Processing /opt/airflow/dags/pipeline.py took 0.422 seconds
[2026-03-15T12:43:26.072+0000] {processor.py:186} INFO - Started process (PID=419) to work on /opt/airflow/dags/pipeline.py
[2026-03-15T12:43:26.074+0000] {processor.py:914} INFO - Processing file /opt/airflow/dags/pipeline.py for tasks to queue
[2026-03-15T12:43:26.077+0000] {logging_mixin.py:190} INFO - [2026-03-15T12:43:26.077+0000] {dagbag.py:588} INFO - Filling up the DagBag from /opt/airflow/dags/pipeline.py
[2026-03-15T12:43:26.590+0000] {processor.py:925} INFO - DAG(s) 'weather_etl' retrieved from /opt/airflow/dags/pipeline.py
[2026-03-15T12:43:26.606+0000] {logging_mixin.py:190} INFO - [2026-03-15T12:43:26.606+0000] {dag.py:3239} INFO - Sync 1 DAGs
[2026-03-15T12:43:26.624+0000] {logging_mixin.py:190} INFO - [2026-03-15T12:43:26.624+0000] {dag.py:4180} INFO - Setting next_dagrun for weather_etl to 2026-03-15 00:00:00+00:00, run_after=2026-03-16 00:00:00+00:00
[2026-03-15T12:43:26.646+0000] {processor.py:208} INFO - Processing /opt/airflow/dags/pipeline.py took 0.583 seconds
[2026-03-15T12:43:28.617+0000] {processor.py:186} INFO - Started process (PID=425) to work on /opt/airflow/dags/pipeline.py
[2026-03-15T12:43:28.617+0000] {processor.py:914} INFO - Processing file /opt/airflow/dags/pipeline.py for tasks to queue
[2026-03-15T12:43:28.619+0000] {logging_mixin.py:190} INFO - [2026-03-15T12:43:28.619+0000] {dagbag.py:588} INFO - Filling up the DagBag from /opt/airflow/dags/pipeline.py
[2026-03-15T12:43:29.048+0000] {processor.py:925} INFO - DAG(s) 'weather_etl' retrieved from /opt/airflow/dags/pipeline.py
[2026-03-15T12:43:29.063+0000] {logging_mixin.py:190} INFO - [2026-03-15T12:43:29.063+0000] {dag.py:3239} INFO - Sync 1 DAGs
[2026-03-15T12:43:29.081+0000] {logging_mixin.py:190} INFO - [2026-03-15T12:43:29.081+0000] {dag.py:4180} INFO - Setting next_dagrun for weather_etl to 2026-03-15 00:00:00+00:00, run_after=2026-03-16 00:00:00+00:00
[2026-03-15T12:43:29.100+0000] {processor.py:208} INFO - Processing /opt/airflow/dags/pipeline.py took 0.488 seconds
[2026-03-15T12:43:56.816+0000] {processor.py:186} INFO - Started process (PID=449) to work on /opt/airflow/dags/pipeline.py
[2026-03-15T12:43:56.817+0000] {processor.py:914} INFO - Processing file /opt/airflow/dags/pipeline.py for tasks to queue
[2026-03-15T12:43:56.818+0000] {logging_mixin.py:190} INFO - [2026-03-15T12:43:56.818+0000] {dagbag.py:588} INFO - Filling up the DagBag from /opt/airflow/dags/pipeline.py
[2026-03-15T12:43:57.192+0000] {processor.py:925} INFO - DAG(s) 'weather_etl' retrieved from /opt/airflow/dags/pipeline.py
[2026-03-15T12:43:57.208+0000] {logging_mixin.py:190} INFO - [2026-03-15T12:43:57.208+0000] {dag.py:3239} INFO - Sync 1 DAGs
[2026-03-15T12:43:57.225+0000] {logging_mixin.py:190} INFO - [2026-03-15T12:43:57.225+0000] {dag.py:4180} INFO - Setting next_dagrun for weather_etl to 2026-03-15 00:00:00+00:00, run_after=2026-03-16 00:00:00+00:00
[2026-03-15T12:43:57.243+0000] {processor.py:208} INFO - Processing /opt/airflow/dags/pipeline.py took 0.432 seconds
[2026-03-15T12:44:27.380+0000] {processor.py:186} INFO - Started process (PID=473) to work on /opt/airflow/dags/pipeline.py
[2026-03-15T12:44:27.381+0000] {processor.py:914} INFO - Processing file /opt/airflow/dags/pipeline.py for tasks to queue
[2026-03-15T12:44:27.382+0000] {logging_mixin.py:190} INFO - [2026-03-15T12:44:27.382+0000] {dagbag.py:588} INFO - Filling up the DagBag from /opt/airflow/dags/pipeline.py
[2026-03-15T12:44:27.730+0000] {processor.py:925} INFO - DAG(s) 'weather_etl' retrieved from /opt/airflow/dags/pipeline.py
[2026-03-15T12:44:27.745+0000] {logging_mixin.py:190} INFO - [2026-03-15T12:44:27.745+0000] {dag.py:3239} INFO - Sync 1 DAGs
[2026-03-15T12:44:27.762+0000] {logging_mixin.py:190} INFO - [2026-03-15T12:44:27.762+0000] {dag.py:4180} INFO - Setting next_dagrun for weather_etl to 2026-03-15 00:00:00+00:00, run_after=2026-03-16 00:00:00+00:00
[2026-03-15T12:44:27.779+0000] {processor.py:208} INFO - Processing /opt/airflow/dags/pipeline.py took 0.404 seconds
[2026-03-15T12:44:57.920+0000] {processor.py:186} INFO - Started process (PID=496) to work on /opt/airflow/dags/pipeline.py
[2026-03-15T12:44:57.921+0000] {processor.py:914} INFO - Processing file /opt/airflow/dags/pipeline.py for tasks to queue
[2026-03-15T12:44:57.924+0000] {logging_mixin.py:190} INFO - [2026-03-15T12:44:57.923+0000] {dagbag.py:588} INFO - Filling up the DagBag from /opt/airflow/dags/pipeline.py
[2026-03-15T12:44:58.406+0000] {processor.py:925} INFO - DAG(s) 'weather_etl' retrieved from /opt/airflow/dags/pipeline.py
[2026-03-15T12:44:58.434+0000] {logging_mixin.py:190} INFO - [2026-03-15T12:44:58.433+0000] {dag.py:3239} INFO - Sync 1 DAGs
[2026-03-15T12:44:58.461+0000] {logging_mixin.py:190} INFO - [2026-03-15T12:44:58.461+0000] {dag.py:4180} INFO - Setting next_dagrun for weather_etl to 2026-03-15 00:00:00+00:00, run_after=2026-03-16 00:00:00+00:00
[2026-03-15T12:44:58.482+0000] {processor.py:208} INFO - Processing /opt/airflow/dags/pipeline.py took 0.567 seconds
[2026-03-15T12:45:28.636+0000] {processor.py:186} INFO - Started process (PID=520) to work on /opt/airflow/dags/pipeline.py
[2026-03-15T12:45:28.637+0000] {processor.py:914} INFO - Processing file /opt/airflow/dags/pipeline.py for tasks to queue
[2026-03-15T12:45:28.638+0000] {logging_mixin.py:190} INFO - [2026-03-15T12:45:28.638+0000] {dagbag.py:588} INFO - Filling up the DagBag from /opt/airflow/dags/pipeline.py
[2026-03-15T12:45:29.001+0000] {processor.py:925} INFO - DAG(s) 'weather_etl' retrieved from /opt/airflow/dags/pipeline.py
[2026-03-15T12:45:29.024+0000] {logging_mixin.py:190} INFO - [2026-03-15T12:45:29.022+0000] {dag.py:3239} INFO - Sync 1 DAGs
[2026-03-15T12:45:29.050+0000] {logging_mixin.py:190} INFO - [2026-03-15T12:45:29.050+0000] {dag.py:4180} INFO - Setting next_dagrun for weather_etl to 2026-03-15 00:00:00+00:00, run_after=2026-03-16 00:00:00+00:00
[2026-03-15T12:45:29.066+0000] {processor.py:208} INFO - Processing /opt/airflow/dags/pipeline.py took 0.434 seconds
[2026-03-15T12:45:59.177+0000] {processor.py:186} INFO - Started process (PID=544) to work on /opt/airflow/dags/pipeline.py
[2026-03-15T12:45:59.178+0000] {processor.py:914} INFO - Processing file /opt/airflow/dags/pipeline.py for tasks to queue
[2026-03-15T12:45:59.180+0000] {logging_mixin.py:190} INFO - [2026-03-15T12:45:59.180+0000] {dagbag.py:588} INFO - Filling up the DagBag from /opt/airflow/dags/pipeline.py
[2026-03-15T12:45:59.551+0000] {processor.py:925} INFO - DAG(s) 'weather_etl' retrieved from /opt/airflow/dags/pipeline.py
[2026-03-15T12:45:59.568+0000] {logging_mixin.py:190} INFO - [2026-03-15T12:45:59.567+0000] {dag.py:3239} INFO - Sync 1 DAGs
[2026-03-15T12:45:59.585+0000] {logging_mixin.py:190} INFO - [2026-03-15T12:45:59.585+0000] {dag.py:4180} INFO - Setting next_dagrun for weather_etl to 2026-03-15 00:00:00+00:00, run_after=2026-03-16 00:00:00+00:00
[2026-03-15T12:45:59.602+0000] {processor.py:208} INFO - Processing /opt/airflow/dags/pipeline.py took 0.429 seconds
[2026-03-15T12:46:29.737+0000] {processor.py:186} INFO - Started process (PID=568) to work on /opt/airflow/dags/pipeline.py
[2026-03-15T12:46:29.741+0000] {processor.py:914} INFO - Processing file /opt/airflow/dags/pipeline.py for tasks to queue
[2026-03-15T12:46:29.743+0000] {logging_mixin.py:190} INFO - [2026-03-15T12:46:29.743+0000] {dagbag.py:588} INFO - Filling up the DagBag from /opt/airflow/dags/pipeline.py
[2026-03-15T12:46:30.104+0000] {processor.py:925} INFO - DAG(s) 'weather_etl' retrieved from /opt/airflow/dags/pipeline.py
[2026-03-15T12:46:30.123+0000] {logging_mixin.py:190} INFO - [2026-03-15T12:46:30.122+0000] {dag.py:3239} INFO - Sync 1 DAGs
[2026-03-15T12:46:30.144+0000] {logging_mixin.py:190} INFO - [2026-03-15T12:46:30.143+0000] {dag.py:4180} INFO - Setting next_dagrun for weather_etl to 2026-03-15 00:00:00+00:00, run_after=2026-03-16 00:00:00+00:00
[2026-03-15T12:46:30.158+0000] {processor.py:208} INFO - Processing /opt/airflow/dags/pipeline.py took 0.426 seconds
[2026-03-15T12:47:00.310+0000] {processor.py:186} INFO - Started process (PID=592) to work on /opt/airflow/dags/pipeline.py
[2026-03-15T12:47:00.311+0000] {processor.py:914} INFO - Processing file /opt/airflow/dags/pipeline.py for tasks to queue
[2026-03-15T12:47:00.312+0000] {logging_mixin.py:190} INFO - [2026-03-15T12:47:00.312+0000] {dagbag.py:588} INFO - Filling up the DagBag from /opt/airflow/dags/pipeline.py
[2026-03-15T12:47:00.712+0000] {processor.py:925} INFO - DAG(s) 'weather_etl' retrieved from /opt/airflow/dags/pipeline.py
[2026-03-15T12:47:00.728+0000] {logging_mixin.py:190} INFO - [2026-03-15T12:47:00.727+0000] {dag.py:3239} INFO - Sync 1 DAGs
[2026-03-15T12:47:00.744+0000] {logging_mixin.py:190} INFO - [2026-03-15T12:47:00.744+0000] {dag.py:4180} INFO - Setting next_dagrun for weather_etl to 2026-03-15 00:00:00+00:00, run_after=2026-03-16 00:00:00+00:00
[2026-03-15T12:47:00.764+0000] {processor.py:208} INFO - Processing /opt/airflow/dags/pipeline.py took 0.458 seconds
[2026-03-15T12:47:30.908+0000] {processor.py:186} INFO - Started process (PID=616) to work on /opt/airflow/dags/pipeline.py
[2026-03-15T12:47:30.913+0000] {processor.py:914} INFO - Processing file /opt/airflow/dags/pipeline.py for tasks to queue
[2026-03-15T12:47:30.916+0000] {logging_mixin.py:190} INFO - [2026-03-15T12:47:30.915+0000] {dagbag.py:588} INFO - Filling up the DagBag from /opt/airflow/dags/pipeline.py
[2026-03-15T12:47:31.269+0000] {processor.py:925} INFO - DAG(s) 'weather_etl' retrieved from /opt/airflow/dags/pipeline.py
[2026-03-15T12:47:31.284+0000] {logging_mixin.py:190} INFO - [2026-03-15T12:47:31.284+0000] {dag.py:3239} INFO - Sync 1 DAGs
[2026-03-15T12:47:31.302+0000] {logging_mixin.py:190} INFO - [2026-03-15T12:47:31.302+0000] {dag.py:4180} INFO - Setting next_dagrun for weather_etl to 2026-03-15 00:00:00+00:00, run_after=2026-03-16 00:00:00+00:00
[2026-03-15T12:47:31.319+0000] {processor.py:208} INFO - Processing /opt/airflow/dags/pipeline.py took 0.416 seconds
[2026-03-15T12:48:01.464+0000] {processor.py:186} INFO - Started process (PID=640) to work on /opt/airflow/dags/pipeline.py
[2026-03-15T12:48:01.465+0000] {processor.py:914} INFO - Processing file /opt/airflow/dags/pipeline.py for tasks to queue
[2026-03-15T12:48:01.467+0000] {logging_mixin.py:190} INFO - [2026-03-15T12:48:01.466+0000] {dagbag.py:588} INFO - Filling up the DagBag from /opt/airflow/dags/pipeline.py
[2026-03-15T12:48:01.827+0000] {processor.py:925} INFO - DAG(s) 'weather_etl' retrieved from /opt/airflow/dags/pipeline.py
[2026-03-15T12:48:01.843+0000] {logging_mixin.py:190} INFO - [2026-03-15T12:48:01.843+0000] {dag.py:3239} INFO - Sync 1 DAGs
[2026-03-15T12:48:01.860+0000] {logging_mixin.py:190} INFO - [2026-03-15T12:48:01.860+0000] {dag.py:4180} INFO - Setting next_dagrun for weather_etl to 2026-03-15 00:00:00+00:00, run_after=2026-03-16 00:00:00+00:00
[2026-03-15T12:48:01.887+0000] {processor.py:208} INFO - Processing /opt/airflow/dags/pipeline.py took 0.427 seconds
[2026-03-15T12:48:32.029+0000] {processor.py:186} INFO - Started process (PID=664) to work on /opt/airflow/dags/pipeline.py
[2026-03-15T12:48:32.034+0000] {processor.py:914} INFO - Processing file /opt/airflow/dags/pipeline.py for tasks to queue
[2026-03-15T12:48:32.037+0000] {logging_mixin.py:190} INFO - [2026-03-15T12:48:32.036+0000] {dagbag.py:588} INFO - Filling up the DagBag from /opt/airflow/dags/pipeline.py
[2026-03-15T12:48:32.572+0000] {processor.py:925} INFO - DAG(s) 'weather_etl' retrieved from /opt/airflow/dags/pipeline.py
[2026-03-15T12:48:32.593+0000] {logging_mixin.py:190} INFO - [2026-03-15T12:48:32.592+0000] {dag.py:3239} INFO - Sync 1 DAGs
[2026-03-15T12:48:32.614+0000] {logging_mixin.py:190} INFO - [2026-03-15T12:48:32.614+0000] {dag.py:4180} INFO - Setting next_dagrun for weather_etl to 2026-03-15 00:00:00+00:00, run_after=2026-03-16 00:00:00+00:00
[2026-03-15T12:48:32.639+0000] {processor.py:208} INFO - Processing /opt/airflow/dags/pipeline.py took 0.615 seconds
[2026-03-15T12:49:02.735+0000] {processor.py:186} INFO - Started process (PID=688) to work on /opt/airflow/dags/pipeline.py
[2026-03-15T12:49:02.736+0000] {processor.py:914} INFO - Processing file /opt/airflow/dags/pipeline.py for tasks to queue
[2026-03-15T12:49:02.740+0000] {logging_mixin.py:190} INFO - [2026-03-15T12:49:02.739+0000] {dagbag.py:588} INFO - Filling up the DagBag from /opt/airflow/dags/pipeline.py
[2026-03-15T12:49:03.161+0000] {processor.py:925} INFO - DAG(s) 'weather_etl' retrieved from /opt/airflow/dags/pipeline.py
[2026-03-15T12:49:03.176+0000] {logging_mixin.py:190} INFO - [2026-03-15T12:49:03.176+0000] {dag.py:3239} INFO - Sync 1 DAGs
[2026-03-15T12:49:03.196+0000] {logging_mixin.py:190} INFO - [2026-03-15T12:49:03.195+0000] {dag.py:4180} INFO - Setting next_dagrun for weather_etl to 2026-03-15 00:00:00+00:00, run_after=2026-03-16 00:00:00+00:00
[2026-03-15T12:49:03.210+0000] {processor.py:208} INFO - Processing /opt/airflow/dags/pipeline.py took 0.484 seconds
[2026-03-15T12:49:33.362+0000] {processor.py:186} INFO - Started process (PID=712) to work on /opt/airflow/dags/pipeline.py
[2026-03-15T12:49:33.367+0000] {processor.py:914} INFO - Processing file /opt/airflow/dags/pipeline.py for tasks to queue
[2026-03-15T12:49:33.369+0000] {logging_mixin.py:190} INFO - [2026-03-15T12:49:33.368+0000] {dagbag.py:588} INFO - Filling up the DagBag from /opt/airflow/dags/pipeline.py
[2026-03-15T12:49:33.748+0000] {processor.py:925} INFO - DAG(s) 'weather_etl' retrieved from /opt/airflow/dags/pipeline.py
[2026-03-15T12:49:33.764+0000] {logging_mixin.py:190} INFO - [2026-03-15T12:49:33.763+0000] {dag.py:3239} INFO - Sync 1 DAGs
[2026-03-15T12:49:33.783+0000] {logging_mixin.py:190} INFO - [2026-03-15T12:49:33.783+0000] {dag.py:4180} INFO - Setting next_dagrun for weather_etl to 2026-03-15 00:00:00+00:00, run_after=2026-03-16 00:00:00+00:00
[2026-03-15T12:49:33.800+0000] {processor.py:208} INFO - Processing /opt/airflow/dags/pipeline.py took 0.443 seconds
[2026-03-15T12:50:03.940+0000] {processor.py:186} INFO - Started process (PID=736) to work on /opt/airflow/dags/pipeline.py
[2026-03-15T12:50:03.940+0000] {processor.py:914} INFO - Processing file /opt/airflow/dags/pipeline.py for tasks to queue
[2026-03-15T12:50:03.942+0000] {logging_mixin.py:190} INFO - [2026-03-15T12:50:03.942+0000] {dagbag.py:588} INFO - Filling up the DagBag from /opt/airflow/dags/pipeline.py
[2026-03-15T12:50:04.290+0000] {processor.py:925} INFO - DAG(s) 'weather_etl' retrieved from /opt/airflow/dags/pipeline.py
[2026-03-15T12:50:04.307+0000] {logging_mixin.py:190} INFO - [2026-03-15T12:50:04.306+0000] {dag.py:3239} INFO - Sync 1 DAGs
[2026-03-15T12:50:04.323+0000] {logging_mixin.py:190} INFO - [2026-03-15T12:50:04.323+0000] {dag.py:4180} INFO - Setting next_dagrun for weather_etl to 2026-03-15 00:00:00+00:00, run_after=2026-03-16 00:00:00+00:00
[2026-03-15T12:50:04.350+0000] {processor.py:208} INFO - Processing /opt/airflow/dags/pipeline.py took 0.415 seconds
[2026-03-15T12:50:34.498+0000] {processor.py:186} INFO - Started process (PID=760) to work on /opt/airflow/dags/pipeline.py
[2026-03-15T12:50:34.499+0000] {processor.py:914} INFO - Processing file /opt/airflow/dags/pipeline.py for tasks to queue
[2026-03-15T12:50:34.500+0000] {logging_mixin.py:190} INFO - [2026-03-15T12:50:34.500+0000] {dagbag.py:588} INFO - Filling up the DagBag from /opt/airflow/dags/pipeline.py
[2026-03-15T12:50:34.868+0000] {processor.py:925} INFO - DAG(s) 'weather_etl' retrieved from /opt/airflow/dags/pipeline.py
[2026-03-15T12:50:34.883+0000] {logging_mixin.py:190} INFO - [2026-03-15T12:50:34.882+0000] {dag.py:3239} INFO - Sync 1 DAGs
[2026-03-15T12:50:34.899+0000] {logging_mixin.py:190} INFO - [2026-03-15T12:50:34.899+0000] {dag.py:4180} INFO - Setting next_dagrun for weather_etl to 2026-03-15 00:00:00+00:00, run_after=2026-03-16 00:00:00+00:00
[2026-03-15T12:50:34.919+0000] {processor.py:208} INFO - Processing /opt/airflow/dags/pipeline.py took 0.426 seconds
[2026-03-15T12:51:05.096+0000] {processor.py:186} INFO - Started process (PID=784) to work on /opt/airflow/dags/pipeline.py
[2026-03-15T12:51:05.100+0000] {processor.py:914} INFO - Processing file /opt/airflow/dags/pipeline.py for tasks to queue
[2026-03-15T12:51:05.102+0000] {logging_mixin.py:190} INFO - [2026-03-15T12:51:05.102+0000] {dagbag.py:588} INFO - Filling up the DagBag from /opt/airflow/dags/pipeline.py
[2026-03-15T12:51:05.482+0000] {processor.py:925} INFO - DAG(s) 'weather_etl' retrieved from /opt/airflow/dags/pipeline.py
[2026-03-15T12:51:05.497+0000] {logging_mixin.py:190} INFO - [2026-03-15T12:51:05.497+0000] {dag.py:3239} INFO - Sync 1 DAGs
[2026-03-15T12:51:05.513+0000] {logging_mixin.py:190} INFO - [2026-03-15T12:51:05.513+0000] {dag.py:4180} INFO - Setting next_dagrun for weather_etl to 2026-03-15 00:00:00+00:00, run_after=2026-03-16 00:00:00+00:00
[2026-03-15T12:51:05.532+0000] {processor.py:208} INFO - Processing /opt/airflow/dags/pipeline.py took 0.442 seconds
[2026-03-15T12:51:35.695+0000] {processor.py:186} INFO - Started process (PID=809) to work on /opt/airflow/dags/pipeline.py
[2026-03-15T12:51:35.696+0000] {processor.py:914} INFO - Processing file /opt/airflow/dags/pipeline.py for tasks to queue
[2026-03-15T12:51:35.699+0000] {logging_mixin.py:190} INFO - [2026-03-15T12:51:35.698+0000] {dagbag.py:588} INFO - Filling up the DagBag from /opt/airflow/dags/pipeline.py
[2026-03-15T12:51:36.177+0000] {processor.py:925} INFO - DAG(s) 'weather_etl' retrieved from /opt/airflow/dags/pipeline.py
[2026-03-15T12:51:36.195+0000] {logging_mixin.py:190} INFO - [2026-03-15T12:51:36.195+0000] {dag.py:3239} INFO - Sync 1 DAGs
[2026-03-15T12:51:36.221+0000] {logging_mixin.py:190} INFO - [2026-03-15T12:51:36.221+0000] {dag.py:4180} INFO - Setting next_dagrun for weather_etl to 2026-03-15 00:00:00+00:00, run_after=2026-03-16 00:00:00+00:00
[2026-03-15T12:51:36.245+0000] {processor.py:208} INFO - Processing /opt/airflow/dags/pipeline.py took 0.555 seconds
[2026-03-15T12:52:06.419+0000] {processor.py:186} INFO - Started process (PID=833) to work on /opt/airflow/dags/pipeline.py
[2026-03-15T12:52:06.424+0000] {processor.py:914} INFO - Processing file /opt/airflow/dags/pipeline.py for tasks to queue
[2026-03-15T12:52:06.426+0000] {logging_mixin.py:190} INFO - [2026-03-15T12:52:06.426+0000] {dagbag.py:588} INFO - Filling up the DagBag from /opt/airflow/dags/pipeline.py
[2026-03-15T12:52:06.912+0000] {processor.py:925} INFO - DAG(s) 'weather_etl' retrieved from /opt/airflow/dags/pipeline.py
[2026-03-15T12:52:06.944+0000] {logging_mixin.py:190} INFO - [2026-03-15T12:52:06.943+0000] {dag.py:3239} INFO - Sync 1 DAGs
[2026-03-15T12:52:06.967+0000] {logging_mixin.py:190} INFO - [2026-03-15T12:52:06.966+0000] {dag.py:4180} INFO - Setting next_dagrun for weather_etl to 2026-03-15 00:00:00+00:00, run_after=2026-03-16 00:00:00+00:00
[2026-03-15T12:52:06.998+0000] {processor.py:208} INFO - Processing /opt/airflow/dags/pipeline.py took 0.584 seconds
[2026-03-15T12:52:37.189+0000] {processor.py:186} INFO - Started process (PID=857) to work on /opt/airflow/dags/pipeline.py
[2026-03-15T12:52:37.189+0000] {processor.py:914} INFO - Processing file /opt/airflow/dags/pipeline.py for tasks to queue
[2026-03-15T12:52:37.191+0000] {logging_mixin.py:190} INFO - [2026-03-15T12:52:37.191+0000] {dagbag.py:588} INFO - Filling up the DagBag from /opt/airflow/dags/pipeline.py
[2026-03-15T12:52:37.657+0000] {processor.py:925} INFO - DAG(s) 'weather_etl' retrieved from /opt/airflow/dags/pipeline.py
[2026-03-15T12:52:37.674+0000] {logging_mixin.py:190} INFO - [2026-03-15T12:52:37.673+0000] {dag.py:3239} INFO - Sync 1 DAGs
[2026-03-15T12:52:37.696+0000] {logging_mixin.py:190} INFO - [2026-03-15T12:52:37.695+0000] {dag.py:4180} INFO - Setting next_dagrun for weather_etl to 2026-03-15 00:00:00+00:00, run_after=2026-03-16 00:00:00+00:00
[2026-03-15T12:52:37.720+0000] {processor.py:208} INFO - Processing /opt/airflow/dags/pipeline.py took 0.536 seconds
[2026-03-15T12:53:07.880+0000] {processor.py:186} INFO - Started process (PID=881) to work on /opt/airflow/dags/pipeline.py
[2026-03-15T12:53:07.885+0000] {processor.py:914} INFO - Processing file /opt/airflow/dags/pipeline.py for tasks to queue
[2026-03-15T12:53:07.887+0000] {logging_mixin.py:190} INFO - [2026-03-15T12:53:07.887+0000] {dagbag.py:588} INFO - Filling up the DagBag from /opt/airflow/dags/pipeline.py
[2026-03-15T12:53:08.407+0000] {processor.py:925} INFO - DAG(s) 'weather_etl' retrieved from /opt/airflow/dags/pipeline.py
[2026-03-15T12:53:08.429+0000] {logging_mixin.py:190} INFO - [2026-03-15T12:53:08.428+0000] {dag.py:3239} INFO - Sync 1 DAGs
[2026-03-15T12:53:08.452+0000] {logging_mixin.py:190} INFO - [2026-03-15T12:53:08.451+0000] {dag.py:4180} INFO - Setting next_dagrun for weather_etl to 2026-03-15 00:00:00+00:00, run_after=2026-03-16 00:00:00+00:00
[2026-03-15T12:53:08.478+0000] {processor.py:208} INFO - Processing /opt/airflow/dags/pipeline.py took 0.606 seconds
[2026-03-15T12:53:38.660+0000] {processor.py:186} INFO - Started process (PID=910) to work on /opt/airflow/dags/pipeline.py
[2026-03-15T12:53:38.661+0000] {processor.py:914} INFO - Processing file /opt/airflow/dags/pipeline.py for tasks to queue
[2026-03-15T12:53:38.664+0000] {logging_mixin.py:190} INFO - [2026-03-15T12:53:38.664+0000] {dagbag.py:588} INFO - Filling up the DagBag from /opt/airflow/dags/pipeline.py
[2026-03-15T12:53:39.138+0000] {processor.py:925} INFO - DAG(s) 'weather_etl' retrieved from /opt/airflow/dags/pipeline.py
[2026-03-15T12:53:39.153+0000] {logging_mixin.py:190} INFO - [2026-03-15T12:53:39.152+0000] {dag.py:3239} INFO - Sync 1 DAGs
[2026-03-15T12:53:39.172+0000] {logging_mixin.py:190} INFO - [2026-03-15T12:53:39.171+0000] {dag.py:4180} INFO - Setting next_dagrun for weather_etl to 2026-03-15 00:00:00+00:00, run_after=2026-03-16 00:00:00+00:00
[2026-03-15T12:53:39.185+0000] {processor.py:208} INFO - Processing /opt/airflow/dags/pipeline.py took 0.532 seconds
[2026-03-15T13:00:01.279+0000] {processor.py:186} INFO - Started process (PID=201) to work on /opt/airflow/dags/pipeline.py
[2026-03-15T13:00:01.280+0000] {processor.py:914} INFO - Processing file /opt/airflow/dags/pipeline.py for tasks to queue
[2026-03-15T13:00:01.283+0000] {logging_mixin.py:190} INFO - [2026-03-15T13:00:01.282+0000] {dagbag.py:588} INFO - Filling up the DagBag from /opt/airflow/dags/pipeline.py
[2026-03-15T13:00:03.145+0000] {processor.py:925} INFO - DAG(s) 'weather_etl' retrieved from /opt/airflow/dags/pipeline.py
[2026-03-15T13:00:03.464+0000] {logging_mixin.py:190} INFO - [2026-03-15T13:00:03.463+0000] {override.py:1900} INFO - Created Permission View: can read on DAG:weather_etl
[2026-03-15T13:00:03.474+0000] {logging_mixin.py:190} INFO - [2026-03-15T13:00:03.474+0000] {override.py:1900} INFO - Created Permission View: can delete on DAG:weather_etl
[2026-03-15T13:00:03.483+0000] {logging_mixin.py:190} INFO - [2026-03-15T13:00:03.482+0000] {override.py:1900} INFO - Created Permission View: can edit on DAG:weather_etl
[2026-03-15T13:00:03.492+0000] {logging_mixin.py:190} INFO - [2026-03-15T13:00:03.492+0000] {override.py:1900} INFO - Created Permission View: can read on DAG Run:weather_etl
[2026-03-15T13:00:03.501+0000] {logging_mixin.py:190} INFO - [2026-03-15T13:00:03.500+0000] {override.py:1900} INFO - Created Permission View: can delete on DAG Run:weather_etl
[2026-03-15T13:00:03.509+0000] {logging_mixin.py:190} INFO - [2026-03-15T13:00:03.509+0000] {override.py:1900} INFO - Created Permission View: menu access on DAG Run:weather_etl
[2026-03-15T13:00:03.518+0000] {logging_mixin.py:190} INFO - [2026-03-15T13:00:03.517+0000] {override.py:1900} INFO - Created Permission View: can create on DAG Run:weather_etl
[2026-03-15T13:00:03.518+0000] {logging_mixin.py:190} INFO - [2026-03-15T13:00:03.518+0000] {dag.py:3239} INFO - Sync 1 DAGs
[2026-03-15T13:00:03.531+0000] {logging_mixin.py:190} INFO - [2026-03-15T13:00:03.531+0000] {dag.py:3262} INFO - Creating ORM DAG for weather_etl
[2026-03-15T13:00:03.541+0000] {logging_mixin.py:190} INFO - [2026-03-15T13:00:03.541+0000] {dag.py:4180} INFO - Setting next_dagrun for weather_etl to 2026-03-14 00:00:00+00:00, run_after=2026-03-15 00:00:00+00:00
[2026-03-15T13:00:03.557+0000] {processor.py:208} INFO - Processing /opt/airflow/dags/pipeline.py took 2.288 seconds
[2026-03-15T13:00:33.694+0000] {processor.py:186} INFO - Started process (PID=225) to work on /opt/airflow/dags/pipeline.py
[2026-03-15T13:00:33.699+0000] {processor.py:914} INFO - Processing file /opt/airflow/dags/pipeline.py for tasks to queue
[2026-03-15T13:00:33.700+0000] {logging_mixin.py:190} INFO - [2026-03-15T13:00:33.700+0000] {dagbag.py:588} INFO - Filling up the DagBag from /opt/airflow/dags/pipeline.py
[2026-03-15T13:00:34.083+0000] {processor.py:925} INFO - DAG(s) 'weather_etl' retrieved from /opt/airflow/dags/pipeline.py
[2026-03-15T13:00:34.100+0000] {logging_mixin.py:190} INFO - [2026-03-15T13:00:34.099+0000] {dag.py:3239} INFO - Sync 1 DAGs
[2026-03-15T13:00:34.116+0000] {logging_mixin.py:190} INFO - [2026-03-15T13:00:34.116+0000] {dag.py:4180} INFO - Setting next_dagrun for weather_etl to 2026-03-14 00:00:00+00:00, run_after=2026-03-15 00:00:00+00:00
[2026-03-15T13:00:34.131+0000] {processor.py:208} INFO - Processing /opt/airflow/dags/pipeline.py took 0.442 seconds
[2026-03-15T13:01:04.280+0000] {processor.py:186} INFO - Started process (PID=249) to work on /opt/airflow/dags/pipeline.py
[2026-03-15T13:01:04.281+0000] {processor.py:914} INFO - Processing file /opt/airflow/dags/pipeline.py for tasks to queue
[2026-03-15T13:01:04.283+0000] {logging_mixin.py:190} INFO - [2026-03-15T13:01:04.282+0000] {dagbag.py:588} INFO - Filling up the DagBag from /opt/airflow/dags/pipeline.py
[2026-03-15T13:01:04.634+0000] {processor.py:925} INFO - DAG(s) 'weather_etl' retrieved from /opt/airflow/dags/pipeline.py
[2026-03-15T13:01:04.649+0000] {logging_mixin.py:190} INFO - [2026-03-15T13:01:04.648+0000] {dag.py:3239} INFO - Sync 1 DAGs
[2026-03-15T13:01:04.666+0000] {logging_mixin.py:190} INFO - [2026-03-15T13:01:04.666+0000] {dag.py:4180} INFO - Setting next_dagrun for weather_etl to 2026-03-14 00:00:00+00:00, run_after=2026-03-15 00:00:00+00:00
[2026-03-15T13:01:04.686+0000] {processor.py:208} INFO - Processing /opt/airflow/dags/pipeline.py took 0.410 seconds
[2026-03-15T13:01:34.842+0000] {processor.py:186} INFO - Started process (PID=273) to work on /opt/airflow/dags/pipeline.py
[2026-03-15T13:01:34.843+0000] {processor.py:914} INFO - Processing file /opt/airflow/dags/pipeline.py for tasks to queue
[2026-03-15T13:01:34.846+0000] {logging_mixin.py:190} INFO - [2026-03-15T13:01:34.845+0000] {dagbag.py:588} INFO - Filling up the DagBag from /opt/airflow/dags/pipeline.py
[2026-03-15T13:01:35.327+0000] {processor.py:925} INFO - DAG(s) 'weather_etl' retrieved from /opt/airflow/dags/pipeline.py
[2026-03-15T13:01:35.353+0000] {logging_mixin.py:190} INFO - [2026-03-15T13:01:35.352+0000] {dag.py:3239} INFO - Sync 1 DAGs
[2026-03-15T13:01:35.379+0000] {logging_mixin.py:190} INFO - [2026-03-15T13:01:35.379+0000] {dag.py:4180} INFO - Setting next_dagrun for weather_etl to 2026-03-14 00:00:00+00:00, run_after=2026-03-15 00:00:00+00:00
[2026-03-15T13:01:35.409+0000] {processor.py:208} INFO - Processing /opt/airflow/dags/pipeline.py took 0.575 seconds
[2026-03-15T13:02:05.604+0000] {processor.py:186} INFO - Started process (PID=297) to work on /opt/airflow/dags/pipeline.py
[2026-03-15T13:02:05.605+0000] {processor.py:914} INFO - Processing file /opt/airflow/dags/pipeline.py for tasks to queue
[2026-03-15T13:02:05.608+0000] {logging_mixin.py:190} INFO - [2026-03-15T13:02:05.607+0000] {dagbag.py:588} INFO - Filling up the DagBag from /opt/airflow/dags/pipeline.py
[2026-03-15T13:02:06.056+0000] {processor.py:925} INFO - DAG(s) 'weather_etl' retrieved from /opt/airflow/dags/pipeline.py
[2026-03-15T13:02:06.076+0000] {logging_mixin.py:190} INFO - [2026-03-15T13:02:06.076+0000] {dag.py:3239} INFO - Sync 1 DAGs
[2026-03-15T13:02:06.097+0000] {logging_mixin.py:190} INFO - [2026-03-15T13:02:06.097+0000] {dag.py:4180} INFO - Setting next_dagrun for weather_etl to 2026-03-14 00:00:00+00:00, run_after=2026-03-15 00:00:00+00:00
[2026-03-15T13:02:06.116+0000] {processor.py:208} INFO - Processing /opt/airflow/dags/pipeline.py took 0.519 seconds
[2026-03-15T13:02:36.264+0000] {processor.py:186} INFO - Started process (PID=321) to work on /opt/airflow/dags/pipeline.py
[2026-03-15T13:02:36.269+0000] {processor.py:914} INFO - Processing file /opt/airflow/dags/pipeline.py for tasks to queue
[2026-03-15T13:02:36.271+0000] {logging_mixin.py:190} INFO - [2026-03-15T13:02:36.271+0000] {dagbag.py:588} INFO - Filling up the DagBag from /opt/airflow/dags/pipeline.py
[2026-03-15T13:02:36.644+0000] {processor.py:925} INFO - DAG(s) 'weather_etl' retrieved from /opt/airflow/dags/pipeline.py
[2026-03-15T13:02:36.660+0000] {logging_mixin.py:190} INFO - [2026-03-15T13:02:36.660+0000] {dag.py:3239} INFO - Sync 1 DAGs
[2026-03-15T13:02:36.677+0000] {logging_mixin.py:190} INFO - [2026-03-15T13:02:36.677+0000] {dag.py:4180} INFO - Setting next_dagrun for weather_etl to 2026-03-14 00:00:00+00:00, run_after=2026-03-15 00:00:00+00:00
[2026-03-15T13:02:36.690+0000] {processor.py:208} INFO - Processing /opt/airflow/dags/pipeline.py took 0.430 seconds
[2026-03-15T13:03:06.845+0000] {processor.py:186} INFO - Started process (PID=345) to work on /opt/airflow/dags/pipeline.py
[2026-03-15T13:03:06.846+0000] {processor.py:914} INFO - Processing file /opt/airflow/dags/pipeline.py for tasks to queue
[2026-03-15T13:03:06.849+0000] {logging_mixin.py:190} INFO - [2026-03-15T13:03:06.848+0000] {dagbag.py:588} INFO - Filling up the DagBag from /opt/airflow/dags/pipeline.py
[2026-03-15T13:03:07.413+0000] {processor.py:925} INFO - DAG(s) 'weather_etl' retrieved from /opt/airflow/dags/pipeline.py
[2026-03-15T13:03:07.432+0000] {logging_mixin.py:190} INFO - [2026-03-15T13:03:07.431+0000] {dag.py:3239} INFO - Sync 1 DAGs
[2026-03-15T13:03:07.457+0000] {logging_mixin.py:190} INFO - [2026-03-15T13:03:07.457+0000] {dag.py:4180} INFO - Setting next_dagrun for weather_etl to 2026-03-14 00:00:00+00:00, run_after=2026-03-15 00:00:00+00:00
[2026-03-15T13:03:07.479+0000] {processor.py:208} INFO - Processing /opt/airflow/dags/pipeline.py took 0.644 seconds
[2026-03-15T13:03:37.524+0000] {processor.py:186} INFO - Started process (PID=373) to work on /opt/airflow/dags/pipeline.py
[2026-03-15T13:03:37.529+0000] {processor.py:914} INFO - Processing file /opt/airflow/dags/pipeline.py for tasks to queue
[2026-03-15T13:03:37.531+0000] {logging_mixin.py:190} INFO - [2026-03-15T13:03:37.530+0000] {dagbag.py:588} INFO - Filling up the DagBag from /opt/airflow/dags/pipeline.py
[2026-03-15T13:03:37.974+0000] {processor.py:925} INFO - DAG(s) 'weather_etl' retrieved from /opt/airflow/dags/pipeline.py
[2026-03-15T13:03:37.992+0000] {logging_mixin.py:190} INFO - [2026-03-15T13:03:37.991+0000] {dag.py:3239} INFO - Sync 1 DAGs
[2026-03-15T13:03:38.012+0000] {logging_mixin.py:190} INFO - [2026-03-15T13:03:38.011+0000] {dag.py:4180} INFO - Setting next_dagrun for weather_etl to 2026-03-15 00:00:00+00:00, run_after=2026-03-16 00:00:00+00:00
[2026-03-15T13:03:38.025+0000] {processor.py:208} INFO - Processing /opt/airflow/dags/pipeline.py took 0.506 seconds
[2026-03-15T13:04:08.200+0000] {processor.py:186} INFO - Started process (PID=396) to work on /opt/airflow/dags/pipeline.py
[2026-03-15T13:04:08.202+0000] {processor.py:914} INFO - Processing file /opt/airflow/dags/pipeline.py for tasks to queue
[2026-03-15T13:04:08.205+0000] {logging_mixin.py:190} INFO - [2026-03-15T13:04:08.205+0000] {dagbag.py:588} INFO - Filling up the DagBag from /opt/airflow/dags/pipeline.py
[2026-03-15T13:04:08.748+0000] {processor.py:925} INFO - DAG(s) 'weather_etl' retrieved from /opt/airflow/dags/pipeline.py
[2026-03-15T13:04:08.767+0000] {logging_mixin.py:190} INFO - [2026-03-15T13:04:08.766+0000] {dag.py:3239} INFO - Sync 1 DAGs
[2026-03-15T13:04:08.820+0000] {logging_mixin.py:190} INFO - [2026-03-15T13:04:08.820+0000] {dag.py:4180} INFO - Setting next_dagrun for weather_etl to 2026-03-15 00:00:00+00:00, run_after=2026-03-16 00:00:00+00:00
[2026-03-15T13:04:08.868+0000] {processor.py:208} INFO - Processing /opt/airflow/dags/pipeline.py took 0.678 seconds
[2026-03-15T13:04:38.914+0000] {processor.py:186} INFO - Started process (PID=421) to work on /opt/airflow/dags/pipeline.py
[2026-03-15T13:04:38.920+0000] {processor.py:914} INFO - Processing file /opt/airflow/dags/pipeline.py for tasks to queue
[2026-03-15T13:04:38.925+0000] {logging_mixin.py:190} INFO - [2026-03-15T13:04:38.924+0000] {dagbag.py:588} INFO - Filling up the DagBag from /opt/airflow/dags/pipeline.py
[2026-03-15T13:04:39.533+0000] {processor.py:925} INFO - DAG(s) 'weather_etl' retrieved from /opt/airflow/dags/pipeline.py
[2026-03-15T13:04:39.565+0000] {logging_mixin.py:190} INFO - [2026-03-15T13:04:39.565+0000] {dag.py:3239} INFO - Sync 1 DAGs
[2026-03-15T13:04:39.600+0000] {logging_mixin.py:190} INFO - [2026-03-15T13:04:39.600+0000] {dag.py:4180} INFO - Setting next_dagrun for weather_etl to 2026-03-15 00:00:00+00:00, run_after=2026-03-16 00:00:00+00:00
[2026-03-15T13:04:39.631+0000] {processor.py:208} INFO - Processing /opt/airflow/dags/pipeline.py took 0.723 seconds
[2026-03-15T13:05:09.817+0000] {processor.py:186} INFO - Started process (PID=445) to work on /opt/airflow/dags/pipeline.py
[2026-03-15T13:05:09.818+0000] {processor.py:914} INFO - Processing file /opt/airflow/dags/pipeline.py for tasks to queue
[2026-03-15T13:05:09.821+0000] {logging_mixin.py:190} INFO - [2026-03-15T13:05:09.820+0000] {dagbag.py:588} INFO - Filling up the DagBag from /opt/airflow/dags/pipeline.py
[2026-03-15T13:05:10.297+0000] {processor.py:925} INFO - DAG(s) 'weather_etl' retrieved from /opt/airflow/dags/pipeline.py
[2026-03-15T13:05:10.321+0000] {logging_mixin.py:190} INFO - [2026-03-15T13:05:10.320+0000] {dag.py:3239} INFO - Sync 1 DAGs
[2026-03-15T13:05:10.343+0000] {logging_mixin.py:190} INFO - [2026-03-15T13:05:10.343+0000] {dag.py:4180} INFO - Setting next_dagrun for weather_etl to 2026-03-15 00:00:00+00:00, run_after=2026-03-16 00:00:00+00:00
[2026-03-15T13:05:10.363+0000] {processor.py:208} INFO - Processing /opt/airflow/dags/pipeline.py took 0.551 seconds
[2026-03-15T13:05:40.523+0000] {processor.py:186} INFO - Started process (PID=469) to work on /opt/airflow/dags/pipeline.py
[2026-03-15T13:05:40.528+0000] {processor.py:914} INFO - Processing file /opt/airflow/dags/pipeline.py for tasks to queue
[2026-03-15T13:05:40.530+0000] {logging_mixin.py:190} INFO - [2026-03-15T13:05:40.530+0000] {dagbag.py:588} INFO - Filling up the DagBag from /opt/airflow/dags/pipeline.py
[2026-03-15T13:05:40.988+0000] {processor.py:925} INFO - DAG(s) 'weather_etl' retrieved from /opt/airflow/dags/pipeline.py
[2026-03-15T13:05:41.008+0000] {logging_mixin.py:190} INFO - [2026-03-15T13:05:41.007+0000] {dag.py:3239} INFO - Sync 1 DAGs
[2026-03-15T13:05:41.028+0000] {logging_mixin.py:190} INFO - [2026-03-15T13:05:41.028+0000] {dag.py:4180} INFO - Setting next_dagrun for weather_etl to 2026-03-15 00:00:00+00:00, run_after=2026-03-16 00:00:00+00:00
[2026-03-15T13:05:41.046+0000] {processor.py:208} INFO - Processing /opt/airflow/dags/pipeline.py took 0.528 seconds
[2026-03-15T13:06:11.218+0000] {processor.py:186} INFO - Started process (PID=493) to work on /opt/airflow/dags/pipeline.py
[2026-03-15T13:06:11.219+0000] {processor.py:914} INFO - Processing file /opt/airflow/dags/pipeline.py for tasks to queue
[2026-03-15T13:06:11.221+0000] {logging_mixin.py:190} INFO - [2026-03-15T13:06:11.220+0000] {dagbag.py:588} INFO - Filling up the DagBag from /opt/airflow/dags/pipeline.py
[2026-03-15T13:06:11.676+0000] {processor.py:925} INFO - DAG(s) 'weather_etl' retrieved from /opt/airflow/dags/pipeline.py
[2026-03-15T13:06:11.693+0000] {logging_mixin.py:190} INFO - [2026-03-15T13:06:11.693+0000] {dag.py:3239} INFO - Sync 1 DAGs
[2026-03-15T13:06:11.716+0000] {logging_mixin.py:190} INFO - [2026-03-15T13:06:11.715+0000] {dag.py:4180} INFO - Setting next_dagrun for weather_etl to 2026-03-15 00:00:00+00:00, run_after=2026-03-16 00:00:00+00:00
[2026-03-15T13:06:11.736+0000] {processor.py:208} INFO - Processing /opt/airflow/dags/pipeline.py took 0.523 seconds
[2026-03-15T13:06:41.868+0000] {processor.py:186} INFO - Started process (PID=523) to work on /opt/airflow/dags/pipeline.py
[2026-03-15T13:06:41.873+0000] {processor.py:914} INFO - Processing file /opt/airflow/dags/pipeline.py for tasks to queue
[2026-03-15T13:06:41.875+0000] {logging_mixin.py:190} INFO - [2026-03-15T13:06:41.875+0000] {dagbag.py:588} INFO - Filling up the DagBag from /opt/airflow/dags/pipeline.py
[2026-03-15T13:06:42.391+0000] {processor.py:925} INFO - DAG(s) 'weather_etl' retrieved from /opt/airflow/dags/pipeline.py
[2026-03-15T13:06:42.411+0000] {logging_mixin.py:190} INFO - [2026-03-15T13:06:42.411+0000] {dag.py:3239} INFO - Sync 1 DAGs
[2026-03-15T13:06:42.432+0000] {logging_mixin.py:190} INFO - [2026-03-15T13:06:42.431+0000] {dag.py:4180} INFO - Setting next_dagrun for weather_etl to 2026-03-15 00:00:00+00:00, run_after=2026-03-16 00:00:00+00:00
[2026-03-15T13:06:42.452+0000] {processor.py:208} INFO - Processing /opt/airflow/dags/pipeline.py took 0.592 seconds
[2026-03-15T13:07:12.632+0000] {processor.py:186} INFO - Started process (PID=547) to work on /opt/airflow/dags/pipeline.py
[2026-03-15T13:07:12.633+0000] {processor.py:914} INFO - Processing file /opt/airflow/dags/pipeline.py for tasks to queue
[2026-03-15T13:07:12.635+0000] {logging_mixin.py:190} INFO - [2026-03-15T13:07:12.635+0000] {dagbag.py:588} INFO - Filling up the DagBag from /opt/airflow/dags/pipeline.py
[2026-03-15T13:07:13.168+0000] {processor.py:925} INFO - DAG(s) 'weather_etl' retrieved from /opt/airflow/dags/pipeline.py
[2026-03-15T13:07:13.189+0000] {logging_mixin.py:190} INFO - [2026-03-15T13:07:13.188+0000] {dag.py:3239} INFO - Sync 1 DAGs
[2026-03-15T13:07:13.214+0000] {logging_mixin.py:190} INFO - [2026-03-15T13:07:13.214+0000] {dag.py:4180} INFO - Setting next_dagrun for weather_etl to 2026-03-15 00:00:00+00:00, run_after=2026-03-16 00:00:00+00:00
[2026-03-15T13:07:13.235+0000] {processor.py:208} INFO - Processing /opt/airflow/dags/pipeline.py took 0.609 seconds
[2026-03-15T13:07:43.396+0000] {processor.py:186} INFO - Started process (PID=571) to work on /opt/airflow/dags/pipeline.py
[2026-03-15T13:07:43.397+0000] {processor.py:914} INFO - Processing file /opt/airflow/dags/pipeline.py for tasks to queue
[2026-03-15T13:07:43.399+0000] {logging_mixin.py:190} INFO - [2026-03-15T13:07:43.399+0000] {dagbag.py:588} INFO - Filling up the DagBag from /opt/airflow/dags/pipeline.py
[2026-03-15T13:07:43.839+0000] {processor.py:925} INFO - DAG(s) 'weather_etl' retrieved from /opt/airflow/dags/pipeline.py
[2026-03-15T13:07:43.865+0000] {logging_mixin.py:190} INFO - [2026-03-15T13:07:43.864+0000] {dag.py:3239} INFO - Sync 1 DAGs
[2026-03-15T13:07:43.891+0000] {logging_mixin.py:190} INFO - [2026-03-15T13:07:43.891+0000] {dag.py:4180} INFO - Setting next_dagrun for weather_etl to 2026-03-15 00:00:00+00:00, run_after=2026-03-16 00:00:00+00:00
[2026-03-15T13:07:43.913+0000] {processor.py:208} INFO - Processing /opt/airflow/dags/pipeline.py took 0.522 seconds
[2026-03-15T13:08:14.114+0000] {processor.py:186} INFO - Started process (PID=595) to work on /opt/airflow/dags/pipeline.py
[2026-03-15T13:08:14.115+0000] {processor.py:914} INFO - Processing file /opt/airflow/dags/pipeline.py for tasks to queue
[2026-03-15T13:08:14.117+0000] {logging_mixin.py:190} INFO - [2026-03-15T13:08:14.117+0000] {dagbag.py:588} INFO - Filling up the DagBag from /opt/airflow/dags/pipeline.py
[2026-03-15T13:08:14.583+0000] {processor.py:925} INFO - DAG(s) 'weather_etl' retrieved from /opt/airflow/dags/pipeline.py
[2026-03-15T13:08:14.603+0000] {logging_mixin.py:190} INFO - [2026-03-15T13:08:14.603+0000] {dag.py:3239} INFO - Sync 1 DAGs
[2026-03-15T13:08:14.628+0000] {logging_mixin.py:190} INFO - [2026-03-15T13:08:14.628+0000] {dag.py:4180} INFO - Setting next_dagrun for weather_etl to 2026-03-15 00:00:00+00:00, run_after=2026-03-16 00:00:00+00:00
[2026-03-15T13:08:14.652+0000] {processor.py:208} INFO - Processing /opt/airflow/dags/pipeline.py took 0.545 seconds
[2026-03-15T13:08:44.685+0000] {processor.py:186} INFO - Started process (PID=619) to work on /opt/airflow/dags/pipeline.py
[2026-03-15T13:08:44.690+0000] {processor.py:914} INFO - Processing file /opt/airflow/dags/pipeline.py for tasks to queue
[2026-03-15T13:08:44.692+0000] {logging_mixin.py:190} INFO - [2026-03-15T13:08:44.691+0000] {dagbag.py:588} INFO - Filling up the DagBag from /opt/airflow/dags/pipeline.py
[2026-03-15T13:08:45.137+0000] {processor.py:925} INFO - DAG(s) 'weather_etl' retrieved from /opt/airflow/dags/pipeline.py
[2026-03-15T13:08:45.157+0000] {logging_mixin.py:190} INFO - [2026-03-15T13:08:45.156+0000] {dag.py:3239} INFO - Sync 1 DAGs
[2026-03-15T13:08:45.179+0000] {logging_mixin.py:190} INFO - [2026-03-15T13:08:45.179+0000] {dag.py:4180} INFO - Setting next_dagrun for weather_etl to 2026-03-15 00:00:00+00:00, run_after=2026-03-16 00:00:00+00:00
[2026-03-15T13:08:45.201+0000] {processor.py:208} INFO - Processing /opt/airflow/dags/pipeline.py took 0.521 seconds
[2026-03-15T13:09:15.376+0000] {processor.py:186} INFO - Started process (PID=643) to work on /opt/airflow/dags/pipeline.py
[2026-03-15T13:09:15.377+0000] {processor.py:914} INFO - Processing file /opt/airflow/dags/pipeline.py for tasks to queue
[2026-03-15T13:09:15.378+0000] {logging_mixin.py:190} INFO - [2026-03-15T13:09:15.378+0000] {dagbag.py:588} INFO - Filling up the DagBag from /opt/airflow/dags/pipeline.py
[2026-03-15T13:09:15.745+0000] {processor.py:925} INFO - DAG(s) 'weather_etl' retrieved from /opt/airflow/dags/pipeline.py
[2026-03-15T13:09:15.763+0000] {logging_mixin.py:190} INFO - [2026-03-15T13:09:15.763+0000] {dag.py:3239} INFO - Sync 1 DAGs
[2026-03-15T13:09:15.782+0000] {logging_mixin.py:190} INFO - [2026-03-15T13:09:15.781+0000] {dag.py:4180} INFO - Setting next_dagrun for weather_etl to 2026-03-15 00:00:00+00:00, run_after=2026-03-16 00:00:00+00:00
[2026-03-15T13:09:15.795+0000] {processor.py:208} INFO - Processing /opt/airflow/dags/pipeline.py took 0.424 seconds
[2026-03-15T13:09:45.978+0000] {processor.py:186} INFO - Started process (PID=666) to work on /opt/airflow/dags/pipeline.py
[2026-03-15T13:09:45.983+0000] {processor.py:914} INFO - Processing file /opt/airflow/dags/pipeline.py for tasks to queue
[2026-03-15T13:09:45.985+0000] {logging_mixin.py:190} INFO - [2026-03-15T13:09:45.984+0000] {dagbag.py:588} INFO - Filling up the DagBag from /opt/airflow/dags/pipeline.py
[2026-03-15T13:09:46.541+0000] {processor.py:925} INFO - DAG(s) 'weather_etl' retrieved from /opt/airflow/dags/pipeline.py
[2026-03-15T13:09:46.566+0000] {logging_mixin.py:190} INFO - [2026-03-15T13:09:46.565+0000] {dag.py:3239} INFO - Sync 1 DAGs
[2026-03-15T13:09:46.625+0000] {logging_mixin.py:190} INFO - [2026-03-15T13:09:46.624+0000] {dag.py:4180} INFO - Setting next_dagrun for weather_etl to 2026-03-15 00:00:00+00:00, run_after=2026-03-16 00:00:00+00:00
[2026-03-15T13:09:46.666+0000] {processor.py:208} INFO - Processing /opt/airflow/dags/pipeline.py took 0.697 seconds
