[2026-03-15T12:39:58.632+0000] {local_task_job_runner.py:123} INFO - ::group::Pre task execution logs
[2026-03-15T12:39:58.645+0000] {taskinstance.py:2612} INFO - Dependencies all met for dep_context=non-requeueable deps ti=<TaskInstance: weather_etl.store_weather scheduled__2026-03-14T00:00:00+00:00 [queued]>
[2026-03-15T12:39:58.651+0000] {taskinstance.py:2612} INFO - Dependencies all met for dep_context=requeueable deps ti=<TaskInstance: weather_etl.store_weather scheduled__2026-03-14T00:00:00+00:00 [queued]>
[2026-03-15T12:39:58.651+0000] {taskinstance.py:2865} INFO - Starting attempt 1 of 1
[2026-03-15T12:39:58.661+0000] {taskinstance.py:2888} INFO - Executing <Task(PythonOperator): store_weather> on 2026-03-14 00:00:00+00:00
[2026-03-15T12:39:58.669+0000] {standard_task_runner.py:104} INFO - Running: ['airflow', 'tasks', 'run', 'weather_etl', 'store_weather', 'scheduled__2026-03-14T00:00:00+00:00', '--job-id', '5', '--raw', '--subdir', 'DAGS_FOLDER/pipeline.py', '--cfg-path', '/tmp/tmptjv0j2co']
[2026-03-15T12:39:58.671+0000] {standard_task_runner.py:105} INFO - Job 5: Subtask store_weather
[2026-03-15T12:39:58.673+0000] {logging_mixin.py:190} WARNING - /home/airflow/.local/lib/python3.12/site-packages/airflow/task/task_runner/standard_task_runner.py:70 DeprecationWarning: This process (pid=247) is multi-threaded, use of fork() may lead to deadlocks in the child.
[2026-03-15T12:39:58.674+0000] {standard_task_runner.py:72} INFO - Started process 249 to run task
[2026-03-15T12:39:58.711+0000] {task_command.py:467} INFO - Running <TaskInstance: weather_etl.store_weather scheduled__2026-03-14T00:00:00+00:00 [running]> on host 477ffee67fb6
[2026-03-15T12:39:58.797+0000] {taskinstance.py:3131} INFO - Exporting env vars: AIRFLOW_CTX_DAG_OWNER='airflow' AIRFLOW_CTX_DAG_ID='weather_etl' AIRFLOW_CTX_TASK_ID='store_weather' AIRFLOW_CTX_EXECUTION_DATE='2026-03-14T00:00:00+00:00' AIRFLOW_CTX_TRY_NUMBER='1' AIRFLOW_CTX_DAG_RUN_ID='scheduled__2026-03-14T00:00:00+00:00'
[2026-03-15T12:39:58.798+0000] {taskinstance.py:731} INFO - ::endgroup::
[2026-03-15T12:39:58.993+0000] {pipeline.py:48} INFO - Fetched data for Ha Giang successfully.
[2026-03-15T12:39:59.120+0000] {pipeline.py:48} INFO - Fetched data for Ha Noi successfully.
[2026-03-15T12:39:59.249+0000] {pipeline.py:48} INFO - Fetched data for Hai Phong successfully.
[2026-03-15T12:39:59.376+0000] {pipeline.py:48} INFO - Fetched data for Vinh successfully.
[2026-03-15T12:39:59.494+0000] {pipeline.py:48} INFO - Fetched data for Hue successfully.
[2026-03-15T12:39:59.621+0000] {pipeline.py:48} INFO - Fetched data for Da Nang successfully.
[2026-03-15T12:39:59.741+0000] {pipeline.py:48} INFO - Fetched data for Quy Nhon successfully.
[2026-03-15T12:39:59.868+0000] {pipeline.py:48} INFO - Fetched data for Da Lat successfully.
[2026-03-15T12:39:59.989+0000] {pipeline.py:48} INFO - Fetched data for Ho Chi Minh City successfully.
[2026-03-15T12:40:00.112+0000] {pipeline.py:48} INFO - Fetched data for Can Tho successfully.
[2026-03-15T12:40:00.139+0000] {pipeline.py:69} INFO - Push data to postgresql complete.
[2026-03-15T12:40:00.139+0000] {python.py:240} INFO - Done. Returned value was: None
[2026-03-15T12:40:00.147+0000] {taskinstance.py:340} INFO - ::group::Post task execution logs
[2026-03-15T12:40:00.147+0000] {taskinstance.py:352} INFO - Marking task as SUCCESS. dag_id=weather_etl, task_id=store_weather, run_id=scheduled__2026-03-14T00:00:00+00:00, execution_date=20260314T000000, start_date=20260315T123958, end_date=20260315T124000
[2026-03-15T12:40:00.172+0000] {local_task_job_runner.py:266} INFO - Task exited with return code 0
[2026-03-15T12:40:00.184+0000] {taskinstance.py:3900} INFO - 0 downstream tasks scheduled from follow-on schedule check
[2026-03-15T12:40:00.185+0000] {local_task_job_runner.py:245} INFO - ::endgroup::
[2026-03-15T13:03:12.356+0000] {local_task_job_runner.py:123} INFO - ::group::Pre task execution logs
[2026-03-15T13:03:12.369+0000] {taskinstance.py:2612} INFO - Dependencies all met for dep_context=non-requeueable deps ti=<TaskInstance: weather_etl.store_weather scheduled__2026-03-14T00:00:00+00:00 [queued]>
[2026-03-15T13:03:12.376+0000] {taskinstance.py:2612} INFO - Dependencies all met for dep_context=requeueable deps ti=<TaskInstance: weather_etl.store_weather scheduled__2026-03-14T00:00:00+00:00 [queued]>
[2026-03-15T13:03:12.376+0000] {taskinstance.py:2865} INFO - Starting attempt 1 of 1
[2026-03-15T13:03:12.385+0000] {taskinstance.py:2888} INFO - Executing <Task(PythonOperator): store_weather> on 2026-03-14 00:00:00+00:00
[2026-03-15T13:03:12.392+0000] {standard_task_runner.py:104} INFO - Running: ['airflow', 'tasks', 'run', 'weather_etl', 'store_weather', 'scheduled__2026-03-14T00:00:00+00:00', '--job-id', '2', '--raw', '--subdir', 'DAGS_FOLDER/pipeline.py', '--cfg-path', '/tmp/tmpqozdvw4r']
[2026-03-15T13:03:12.394+0000] {standard_task_runner.py:105} INFO - Job 2: Subtask store_weather
[2026-03-15T13:03:12.394+0000] {logging_mixin.py:190} WARNING - /home/airflow/.local/lib/python3.12/site-packages/airflow/task/task_runner/standard_task_runner.py:70 DeprecationWarning: This process (pid=357) is multi-threaded, use of fork() may lead to deadlocks in the child.
[2026-03-15T13:03:12.395+0000] {standard_task_runner.py:72} INFO - Started process 359 to run task
[2026-03-15T13:03:12.426+0000] {task_command.py:467} INFO - Running <TaskInstance: weather_etl.store_weather scheduled__2026-03-14T00:00:00+00:00 [running]> on host 704b3f0e3e1a
[2026-03-15T13:03:12.486+0000] {taskinstance.py:3131} INFO - Exporting env vars: AIRFLOW_CTX_DAG_OWNER='airflow' AIRFLOW_CTX_DAG_ID='weather_etl' AIRFLOW_CTX_TASK_ID='store_weather' AIRFLOW_CTX_EXECUTION_DATE='2026-03-14T00:00:00+00:00' AIRFLOW_CTX_TRY_NUMBER='1' AIRFLOW_CTX_DAG_RUN_ID='scheduled__2026-03-14T00:00:00+00:00'
[2026-03-15T13:03:12.486+0000] {taskinstance.py:731} INFO - ::endgroup::
[2026-03-15T13:03:12.649+0000] {pipeline.py:51} INFO - Fetched data for Ha Giang successfully.
[2026-03-15T13:03:12.778+0000] {pipeline.py:51} INFO - Fetched data for Ha Noi successfully.
[2026-03-15T13:03:12.922+0000] {pipeline.py:51} INFO - Fetched data for Hai Phong successfully.
[2026-03-15T13:03:13.051+0000] {pipeline.py:51} INFO - Fetched data for Vinh successfully.
[2026-03-15T13:03:13.177+0000] {pipeline.py:51} INFO - Fetched data for Hue successfully.
[2026-03-15T13:03:13.307+0000] {pipeline.py:51} INFO - Fetched data for Da Nang successfully.
[2026-03-15T13:03:13.434+0000] {pipeline.py:51} INFO - Fetched data for Quy Nhon successfully.
[2026-03-15T13:03:13.542+0000] {pipeline.py:51} INFO - Fetched data for Da Lat successfully.
[2026-03-15T13:03:13.675+0000] {pipeline.py:51} INFO - Fetched data for Ho Chi Minh City successfully.
[2026-03-15T13:03:13.795+0000] {pipeline.py:51} INFO - Fetched data for Can Tho successfully.
[2026-03-15T13:03:13.825+0000] {pipeline.py:75} INFO - Push data to postgresql complete.
[2026-03-15T13:03:13.826+0000] {python.py:240} INFO - Done. Returned value was: None
[2026-03-15T13:03:13.833+0000] {taskinstance.py:340} INFO - ::group::Post task execution logs
[2026-03-15T13:03:13.833+0000] {taskinstance.py:352} INFO - Marking task as SUCCESS. dag_id=weather_etl, task_id=store_weather, run_id=scheduled__2026-03-14T00:00:00+00:00, execution_date=20260314T000000, start_date=20260315T130312, end_date=20260315T130313
[2026-03-15T13:03:13.894+0000] {local_task_job_runner.py:266} INFO - Task exited with return code 0
[2026-03-15T13:03:13.907+0000] {taskinstance.py:3900} INFO - 0 downstream tasks scheduled from follow-on schedule check
[2026-03-15T13:03:13.909+0000] {local_task_job_runner.py:245} INFO - ::endgroup::
