[2026-03-14T16:09:54.577+0000] {local_task_job_runner.py:123} INFO - ::group::Pre task execution logs
[2026-03-14T16:09:54.596+0000] {taskinstance.py:2612} INFO - Dependencies all met for dep_context=non-requeueable deps ti=<TaskInstance: weather_etl.store_weather scheduled__2026-03-13T00:00:00+00:00 [queued]>
[2026-03-14T16:09:54.603+0000] {taskinstance.py:2612} INFO - Dependencies all met for dep_context=requeueable deps ti=<TaskInstance: weather_etl.store_weather scheduled__2026-03-13T00:00:00+00:00 [queued]>
[2026-03-14T16:09:54.603+0000] {taskinstance.py:2865} INFO - Starting attempt 1 of 1
[2026-03-14T16:09:54.617+0000] {taskinstance.py:2888} INFO - Executing <Task(PythonOperator): store_weather> on 2026-03-13 00:00:00+00:00
[2026-03-14T16:09:54.628+0000] {standard_task_runner.py:104} INFO - Running: ['airflow', 'tasks', 'run', 'weather_etl', 'store_weather', 'scheduled__2026-03-13T00:00:00+00:00', '--job-id', '2', '--raw', '--subdir', 'DAGS_FOLDER/pipeline.py', '--cfg-path', '/tmp/tmpqg7hyyj6']
[2026-03-14T16:09:54.630+0000] {standard_task_runner.py:105} INFO - Job 2: Subtask store_weather
[2026-03-14T16:09:54.630+0000] {logging_mixin.py:190} WARNING - /home/airflow/.local/lib/python3.12/site-packages/airflow/task/task_runner/standard_task_runner.py:70 DeprecationWarning: This process (pid=375) is multi-threaded, use of fork() may lead to deadlocks in the child.
[2026-03-14T16:09:54.631+0000] {standard_task_runner.py:72} INFO - Started process 377 to run task
[2026-03-14T16:09:54.687+0000] {task_command.py:467} INFO - Running <TaskInstance: weather_etl.store_weather scheduled__2026-03-13T00:00:00+00:00 [running]> on host 6502ca162335
[2026-03-14T16:09:54.771+0000] {taskinstance.py:3131} INFO - Exporting env vars: AIRFLOW_CTX_DAG_OWNER='airflow' AIRFLOW_CTX_DAG_ID='weather_etl' AIRFLOW_CTX_TASK_ID='store_weather' AIRFLOW_CTX_EXECUTION_DATE='2026-03-13T00:00:00+00:00' AIRFLOW_CTX_TRY_NUMBER='1' AIRFLOW_CTX_DAG_RUN_ID='scheduled__2026-03-13T00:00:00+00:00'
[2026-03-14T16:09:54.773+0000] {taskinstance.py:731} INFO - ::endgroup::
[2026-03-14T16:09:54.978+0000] {pipeline.py:48} INFO - Fetched data for Ha Giang successfully.
[2026-03-14T16:09:55.085+0000] {pipeline.py:48} INFO - Fetched data for Ha Noi successfully.
[2026-03-14T16:09:55.206+0000] {pipeline.py:48} INFO - Fetched data for Hai Phong successfully.
[2026-03-14T16:09:55.318+0000] {pipeline.py:48} INFO - Fetched data for Vinh successfully.
[2026-03-14T16:09:55.442+0000] {pipeline.py:48} INFO - Fetched data for Hue successfully.
[2026-03-14T16:09:55.565+0000] {pipeline.py:48} INFO - Fetched data for Da Nang successfully.
[2026-03-14T16:09:55.693+0000] {pipeline.py:48} INFO - Fetched data for Quy Nhon successfully.
[2026-03-14T16:09:55.819+0000] {pipeline.py:48} INFO - Fetched data for Da Lat successfully.
[2026-03-14T16:09:55.937+0000] {pipeline.py:48} INFO - Fetched data for Ho Chi Minh City successfully.
[2026-03-14T16:09:56.069+0000] {pipeline.py:48} INFO - Fetched data for Can Tho successfully.
[2026-03-14T16:09:56.097+0000] {pipeline.py:69} INFO - Push data to postgresql complete.
[2026-03-14T16:09:56.098+0000] {python.py:240} INFO - Done. Returned value was: None
[2026-03-14T16:09:56.104+0000] {taskinstance.py:340} INFO - ::group::Post task execution logs
[2026-03-14T16:09:56.105+0000] {taskinstance.py:352} INFO - Marking task as SUCCESS. dag_id=weather_etl, task_id=store_weather, run_id=scheduled__2026-03-13T00:00:00+00:00, execution_date=20260313T000000, start_date=20260314T160954, end_date=20260314T160956
[2026-03-14T16:09:56.129+0000] {local_task_job_runner.py:266} INFO - Task exited with return code 0
[2026-03-14T16:09:56.141+0000] {taskinstance.py:3900} INFO - 0 downstream tasks scheduled from follow-on schedule check
[2026-03-14T16:09:56.142+0000] {local_task_job_runner.py:245} INFO - ::endgroup::
